<?xml version="1.0" encoding="UTF-8"?>
<!-- Generated by org.testng.reporters.JUnitReportReporter -->
<testsuite skipped="0" hostname="Abhi-PC" name="BrowserCommands.App" tests="1" failures="0" timestamp="06 Jul 2020 06:16:05 GMT" time="0.039" errors="0">
  <testcase name="App" time="0.039" classname="BrowserCommands.App"/>
</testsuite> <!-- BrowserCommands.App -->
